<?xml version="1.0" encoding="UTF-8"?>
<testng-results skipped="0" failed="1" ignored="0" total="3" passed="2">
  <reporter-output>
  </reporter-output>
  <suite name="Suite" duration-ms="1956" started-at="2019-09-15T07:33:04Z" finished-at="2019-09-15T07:33:05Z">
    <groups>
      <group name="smoke">
        <method signature="DataProviderEx.LoginTestCases(java.lang.String, java.lang.String, java.lang.String, java.lang.String, java.lang.String)[pri:0, instance:com.javabykiran.DataProviderEx@458c1321]" name="LoginTestCases" class="com.javabykiran.DataProviderEx"/>
      </group> <!-- smoke -->
    </groups>
    <test name="Test" duration-ms="1956" started-at="2019-09-15T07:33:04Z" finished-at="2019-09-15T07:33:05Z">
      <class name="com.javabykiran.DataProviderEx">
        <test-method status="PASS" signature="setupEnvironMent()[pri:0, instance:com.javabykiran.DataProviderEx@458c1321]" name="setupEnvironMent" is-config="true" duration-ms="3763" started-at="2019-09-15T07:33:00Z" finished-at="2019-09-15T07:33:04Z">
          <reporter-output>
          </reporter-output>
        </test-method> <!-- setupEnvironMent -->
        <test-method status="PASS" signature="locateAllWebElements()[pri:0, instance:com.javabykiran.DataProviderEx@458c1321]" name="locateAllWebElements" is-config="true" duration-ms="59" started-at="2019-09-15T07:33:04Z" finished-at="2019-09-15T07:33:04Z">
          <reporter-output>
          </reporter-output>
        </test-method> <!-- locateAllWebElements -->
        <test-method status="PASS" signature="clearAllTextBoxes()[pri:0, instance:com.javabykiran.DataProviderEx@458c1321]" name="clearAllTextBoxes" is-config="true" duration-ms="51" started-at="2019-09-15T07:33:04Z" finished-at="2019-09-15T07:33:04Z">
          <reporter-output>
          </reporter-output>
        </test-method> <!-- clearAllTextBoxes -->
        <test-method status="PASS" signature="LoginTestCases(java.lang.String, java.lang.String, java.lang.String, java.lang.String, java.lang.String)[pri:0, instance:com.javabykiran.DataProviderEx@458c1321]" name="LoginTestCases" duration-ms="199" started-at="2019-09-15T07:33:04Z" data-provider="login-data" finished-at="2019-09-15T07:33:04Z">
          <params>
            <param index="0">
              <value>
                <![CDATA[TC01]]>
              </value>
            </param>
            <param index="1">
              <value>
                <![CDATA[blankUser]]>
              </value>
            </param>
            <param index="2">
              <value>
                <![CDATA[]]>
              </value>
            </param>
            <param index="3">
              <value>
                <![CDATA[]]>
              </value>
            </param>
            <param index="4">
              <value>
                <![CDATA[Please enter email.]]>
              </value>
            </param>
          </params>
          <reporter-output>
          </reporter-output>
        </test-method> <!-- LoginTestCases -->
        <test-method status="PASS" signature="clearAllTextBoxes()[pri:0, instance:com.javabykiran.DataProviderEx@458c1321]" name="clearAllTextBoxes" is-config="true" duration-ms="39" started-at="2019-09-15T07:33:04Z" finished-at="2019-09-15T07:33:04Z">
          <reporter-output>
          </reporter-output>
        </test-method> <!-- clearAllTextBoxes -->
        <test-method status="PASS" signature="LoginTestCases(java.lang.String, java.lang.String, java.lang.String, java.lang.String, java.lang.String)[pri:0, instance:com.javabykiran.DataProviderEx@458c1321]" name="LoginTestCases" duration-ms="209" started-at="2019-09-15T07:33:04Z" data-provider="login-data" finished-at="2019-09-15T07:33:04Z">
          <params>
            <param index="0">
              <value>
                <![CDATA[TC02]]>
              </value>
            </param>
            <param index="1">
              <value>
                <![CDATA[invaliduser]]>
              </value>
            </param>
            <param index="2">
              <value>
                <![CDATA[hellokiran]]>
              </value>
            </param>
            <param index="3">
              <value>
                <![CDATA[kiranpassword]]>
              </value>
            </param>
            <param index="4">
              <value>
                <![CDATA[Please enter email as kiran@gmail.com]]>
              </value>
            </param>
          </params>
          <reporter-output>
          </reporter-output>
        </test-method> <!-- LoginTestCases -->
        <test-method status="PASS" signature="clearAllTextBoxes()[pri:0, instance:com.javabykiran.DataProviderEx@458c1321]" name="clearAllTextBoxes" is-config="true" duration-ms="47" started-at="2019-09-15T07:33:04Z" finished-at="2019-09-15T07:33:04Z">
          <reporter-output>
          </reporter-output>
        </test-method> <!-- clearAllTextBoxes -->
        <test-method status="FAIL" signature="LoginTestCases(java.lang.String, java.lang.String, java.lang.String, java.lang.String, java.lang.String)[pri:0, instance:com.javabykiran.DataProviderEx@458c1321]" name="LoginTestCases" duration-ms="940" started-at="2019-09-15T07:33:04Z" data-provider="login-data" finished-at="2019-09-15T07:33:05Z">
          <params>
            <param index="0">
              <value>
                <![CDATA[TC03]]>
              </value>
            </param>
            <param index="1">
              <value>
                <![CDATA[validuser]]>
              </value>
            </param>
            <param index="2">
              <value>
                <![CDATA[kiran@gmail.com]]>
              </value>
            </param>
            <param index="3">
              <value>
                <![CDATA[123456]]>
              </value>
            </param>
            <param index="4">
              <value>
                <![CDATA[AdminLTE 2 | Dashboard 11]]>
              </value>
            </param>
          </params>
          <exception class="java.lang.AssertionError">
            <message>
              <![CDATA[expected [AdminLTE 2 | Dashboard 11] but found [JavaByKiran | Dashboard]]]>
            </message>
            <full-stacktrace>
              <![CDATA[java.lang.AssertionError: expected [AdminLTE 2 | Dashboard 11] but found [JavaByKiran | Dashboard]
at org.testng.Assert.fail(Assert.java:96)
at org.testng.Assert.failNotEquals(Assert.java:776)
at org.testng.Assert.assertEqualsImpl(Assert.java:137)
at org.testng.Assert.assertEquals(Assert.java:118)
at org.testng.Assert.assertEquals(Assert.java:453)
at org.testng.Assert.assertEquals(Assert.java:463)
at com.javabykiran.DataProviderEx.LoginTestCases(DataProviderEx.java:66)
at sun.reflect.NativeMethodAccessorImpl.invoke0(Native Method)
at sun.reflect.NativeMethodAccessorImpl.invoke(NativeMethodAccessorImpl.java:62)
at sun.reflect.DelegatingMethodAccessorImpl.invoke(DelegatingMethodAccessorImpl.java:43)
at java.lang.reflect.Method.invoke(Method.java:498)
at org.testng.internal.MethodInvocationHelper.invokeMethod(MethodInvocationHelper.java:124)
at org.testng.internal.Invoker.invokeMethod(Invoker.java:580)
at org.testng.internal.Invoker.invokeTestMethod(Invoker.java:716)
at org.testng.internal.Invoker.invokeTestMethods(Invoker.java:988)
at org.testng.internal.TestMethodWorker.invokeTestMethods(TestMethodWorker.java:125)
at org.testng.internal.TestMethodWorker.run(TestMethodWorker.java:109)
at org.testng.TestRunner.privateRun(TestRunner.java:648)
at org.testng.TestRunner.run(TestRunner.java:505)
at org.testng.SuiteRunner.runTest(SuiteRunner.java:455)
at org.testng.SuiteRunner.runSequentially(SuiteRunner.java:450)
at org.testng.SuiteRunner.privateRun(SuiteRunner.java:415)
at org.testng.SuiteRunner.run(SuiteRunner.java:364)
at org.testng.SuiteRunnerWorker.runSuite(SuiteRunnerWorker.java:52)
at org.testng.SuiteRunnerWorker.run(SuiteRunnerWorker.java:84)
at org.testng.TestNG.runSuitesSequentially(TestNG.java:1208)
at org.testng.TestNG.runSuitesLocally(TestNG.java:1137)
at org.testng.TestNG.runSuites(TestNG.java:1049)
at org.testng.TestNG.run(TestNG.java:1017)
at org.testng.remote.AbstractRemoteTestNG.run(AbstractRemoteTestNG.java:114)
at org.testng.remote.RemoteTestNG.initAndRun(RemoteTestNG.java:251)
at org.testng.remote.RemoteTestNG.main(RemoteTestNG.java:77)
]]>
            </full-stacktrace>
          </exception> <!-- java.lang.AssertionError -->
          <reporter-output>
          </reporter-output>
        </test-method> <!-- LoginTestCases -->
        <test-method status="PASS" signature="closeBrowser()[pri:0, instance:com.javabykiran.DataProviderEx@458c1321]" name="closeBrowser" is-config="true" duration-ms="136" started-at="2019-09-15T07:33:05Z" finished-at="2019-09-15T07:33:06Z">
          <reporter-output>
          </reporter-output>
        </test-method> <!-- closeBrowser -->
      </class> <!-- com.javabykiran.DataProviderEx -->
    </test> <!-- Test -->
  </suite> <!-- Suite -->
</testng-results>
